<?xml version="1.0" encoding="UTF-8"?>
<!-- Generated by org.testng.reporters.JUnitXMLReporter -->
<testsuite ignored="14" hostname="Windows11" failures="1" tests="39" name="MasterTest" time="325.493" errors="0" timestamp="2023-11-06T09:06:39 IST">
  <testcase classname="testCases.CheckoutPage2Test" name="verifyUrlofCheckoutPage2Test" time="0.866"/>
  <testcase classname="testCases.CheckoutPage2Test" name="verifycheckOutPage1TitleTest" time="0.092"/>
  <testcase classname="testCases.CheckoutPage2Test" name="verifypaymentInformationTextTest" time="0.097"/>
  <testcase classname="testCases.CheckoutPage2Test" name="verifyshoppingInformationTextTest" time="0.06"/>
  <testcase classname="testCases.CheckoutPage2Test" name="verifypriceTotalTextTest" time="0.076"/>
  <testcase classname="testCases.CheckoutPage2Test" name="clickfinishBtnTest" time="0.178"/>
  <testcase classname="testCases.CheckoutPage2Test" name="clickcancelBtnTest" time="0.154"/>
  <testcase classname="testCases.CheckoutPage1Test" name="verifyUrlOfCheckOutPage1" time="0.068"/>
  <testcase classname="testCases.CheckoutPage1Test" name="verifycheckOutPage1TitleTest" time="0.063"/>
  <testcase classname="testCases.CheckoutPage1Test" name="clickContinueBtnTest" time="0.433"/>
  <testcase classname="testCases.CheckoutPage1Test" name="clickCancelBtnTest" time="0.149"/>
  <testcase classname="testCases.CartPageTest" name="verifyURLofCartPageTest" time="0.042"/>
  <testcase classname="testCases.CartPageTest" name="verifytitleOfCartPageTest" time="0.083"/>
  <testcase classname="testCases.CartPageTest" name="clickCheckOutBtnTest" time="0.118"/>
  <testcase classname="testCases.CartPageTest" name="clickContinueShoppingBtnTest" time="0.125"/>
  <testcase classname="testCases.CheckoutCompleteTest" name="verifyURLofcheckoutCompletePageTest" time="0.039"/>
  <testcase classname="testCases.CheckoutCompleteTest" name="verifycheckoutCompletePageTitle" time="0.058"/>
  <testcase classname="testCases.CheckoutCompleteTest" name="verifythankYouMsgTextTest" time="0.056"/>
  <testcase classname="testCases.CheckoutCompleteTest" name="verifyconfirmImgTest" time="0.045"/>
  <testcase classname="testCases.CheckoutCompleteTest" name="clickbackHomeBtnTest" time="0.129"/>
  <testcase classname="testCases.LoginPageTest" name="LoginToApplicationTest" time="0.349"/>
  <testcase classname="testCases.LoginPageTest" name="verifyURLofApplicationTest" time="0.021"/>
  <testcase classname="testCases.LoginPageTest" name="verifyTitleOfApplication" time="0.029"/>
  <testcase classname="testCases.VerifyMultipleCredentialsTest" name="LoginToApplicationWithMultipleDataTest" time="0.281"/>
  <testcase classname="testCases.VerifyMultipleCredentialsTest" name="LoginToApplicationWithMultipleDataTest" time="0.226">
    <failure type="java.lang.AssertionError" message="expected:&amp;lt;https://www.saucedemo.com/inventory.html&amp;gt; but was:&amp;lt;https://www.saucedemo.com/&amp;gt;">
      <![CDATA[java.lang.AssertionError: expected:<https://www.saucedemo.com/inventory.html> but was:<https://www.saucedemo.com/>
at testCases.VerifyMultipleCredentialsTest.LoginToApplicationWithMultipleDataTest(VerifyMultipleCredentialsTest.java:35)
at java.base/java.util.ArrayList.forEach(ArrayList.java:1511)
... Removed 29 stack frames]]>
    </failure>
  </testcase> <!-- LoginToApplicationWithMultipleDataTest -->
  <testcase classname="testCases.VerifyMultipleCredentialsTest" name="LoginToApplicationWithMultipleDataTest" time="0.288"/>
  <testcase classname="testCases.VerifyMultipleCredentialsTest" name="LoginToApplicationWithMultipleDataTest" time="5.311"/>
  <testcase classname="testCases.VerifyMultipleCredentialsTest" name="LoginToApplicationWithMultipleDataTest" time="0.281"/>
  <testcase classname="testCases.VerifyMultipleCredentialsTest" name="LoginToApplicationWithMultipleDataTest" time="0.236"/>
  <testcase classname="testCases.InventoryPageTest" name="verifyinventoryPageUrlTest" time="0.026"/>
  <testcase classname="testCases.InventoryPageTest" name="remove2ProductTest" time="4.551"/>
  <testcase classname="testCases.InventoryPageTest" name="verifyProductLableTest" time="0.059"/>
  <testcase classname="testCases.InventoryPageTest" name="verifyfacebookLogoTest" time="0.033"/>
  <testcase classname="testCases.InventoryPageTest" name="verifylinkedInLogoTest" time="0.043"/>
  <testcase classname="testCases.InventoryPageTest" name="verifyAddToCartBtn1Test" time="0.055"/>
  <testcase classname="testCases.InventoryPageTest" name="vedrifyProductCartLinkTest" time="0.067"/>
  <testcase classname="testCases.InventoryPageTest" name="verifyFooterTest" time="0.053"/>
  <testcase classname="testCases.InventoryPageTest" name="burgerMenuBtnTest" time="0.055"/>
  <testcase classname="testCases.InventoryPageTest" name="add6ProductTest" time="0.529"/>
  <testcase classname="testCases.InventoryPageTest" name="verifyAppLogoTest" time="0.0">
    <ignored/>
  </testcase> <!-- verifyAppLogoTest -->
  <testcase classname="testCases.InventoryPageTest" name="verifyAddToCartBtn6Test" time="0.0">
    <ignored/>
  </testcase> <!-- verifyAddToCartBtn6Test -->
  <testcase classname="testCases.InventoryPageTest" name="verifyAddToCartBtn4Test" time="0.0">
    <ignored/>
  </testcase> <!-- verifyAddToCartBtn4Test -->
  <testcase classname="testCases.CartPageTest" name="verifyDescriptionTextTest" time="0.0">
    <ignored/>
  </testcase> <!-- verifyDescriptionTextTest -->
  <testcase classname="testCases.InventoryPageTest" name="verifyAddToCartBtn3Test" time="0.0">
    <ignored/>
  </testcase> <!-- verifyAddToCartBtn3Test -->
  <testcase classname="testCases.InventoryPageTest" name="verifyAddToCartBtn5Test" time="0.0">
    <ignored/>
  </testcase> <!-- verifyAddToCartBtn5Test -->
  <testcase classname="testCases.CheckoutPage1Test" name="verifyPostalCodeTextBoxTest" time="0.0">
    <ignored/>
  </testcase> <!-- verifyPostalCodeTextBoxTest -->
  <testcase classname="testCases.CheckoutPage1Test" name="verifyFirstNameTextBoxTest" time="0.0">
    <ignored/>
  </testcase> <!-- verifyFirstNameTextBoxTest -->
  <testcase classname="testCases.CartPageTest" name="verifyQtyTextTest" time="0.0">
    <ignored/>
  </testcase> <!-- verifyQtyTextTest -->
  <testcase classname="testCases.CheckoutCompleteTest" name="verifyorderDispatchedTextTest" time="0.0">
    <ignored/>
  </testcase> <!-- verifyorderDispatchedTextTest -->
  <testcase classname="testCases.CheckoutPage1Test" name="verifyLastNameTextBoxTest" time="0.0">
    <ignored/>
  </testcase> <!-- verifyLastNameTextBoxTest -->
  <testcase classname="testCases.InventoryPageTest" name="verifyAddToCartBtn2Test" time="0.0">
    <ignored/>
  </testcase> <!-- verifyAddToCartBtn2Test -->
  <testcase classname="testCases.InventoryPageTest" name="verifyProductSortBtnTest" time="0.0">
    <ignored/>
  </testcase> <!-- verifyProductSortBtnTest -->
  <testcase classname="testCases.InventoryPageTest" name="verifyTwitterLogoTest" time="0.0">
    <ignored/>
  </testcase> <!-- verifyTwitterLogoTest -->
</testsuite> <!-- MasterTest -->
